This is pdfTeX, Version 3.141592653-2.6-1.40.24 (MiKTeX 22.10) (preloaded format=pdflatex 2023.3.1)  30 AUG 2023 13:37
entering extended mode
 restricted \write18 enabled.
 %&-line parsing enabled.
**./OderizArkaitz.tex
(OderizArkaitz.tex
LaTeX2e <2022-06-01> patch level 5
L3 programming layer <2022-09-28>
(C:\Users\Oderiz\AppData\Local\Programs\MiKTeX\tex/latex/base\book.cls
Document Class: book 2021/10/04 v1.4n Standard LaTeX document class
(C:\Users\Oderiz\AppData\Local\Programs\MiKTeX\tex/latex/base\bk11.clo
File: bk11.clo 2021/10/04 v1.4n Standard LaTeX file (size option)
)
\c@part=\count185
\c@chapter=\count186
\c@section=\count187
\c@subsection=\count188
\c@subsubsection=\count189
\c@paragraph=\count190
\c@subparagraph=\count191
\c@figure=\count192
\c@table=\count193
\abovecaptionskip=\skip47
\belowcaptionskip=\skip48
\bibindent=\dimen138
)
(C:\Users\Oderiz\AppData\Local\Programs\MiKTeX\tex/latex/base\inputenc.sty
Package: inputenc 2021/02/14 v1.3d Input encoding file
\inpenc@prehook=\toks16
\inpenc@posthook=\toks17
)
(C:\Users\Oderiz\AppData\Local\Programs\MiKTeX\tex/latex/base\fontenc.sty
Package: fontenc 2021/04/29 v2.0v Standard LaTeX package
)
(C:\Users\Oderiz\AppData\Local\Programs\MiKTeX\tex/latex/hyperref\hyperref.sty
Package: hyperref 2022-09-22 v7.00t Hypertext links for LaTeX

(C:\Users\Oderiz\AppData\Local\Programs\MiKTeX\tex/generic/ltxcmds\ltxcmds.sty
Package: ltxcmds 2020-05-10 v1.25 LaTeX kernel commands for general use (HO)
) (C:\Users\Oderiz\AppData\Local\Programs\MiKTeX\tex/generic/iftex\iftex.sty
Package: iftex 2022/02/03 v1.0f TeX engine tests
)
(C:\Users\Oderiz\AppData\Local\Programs\MiKTeX\tex/generic/pdftexcmds\pdftexcmd
s.sty
Package: pdftexcmds 2020-06-27 v0.33 Utility functions of pdfTeX for LuaTeX (HO
)

(C:\Users\Oderiz\AppData\Local\Programs\MiKTeX\tex/generic/infwarerr\infwarerr.
sty
Package: infwarerr 2019/12/03 v1.5 Providing info/warning/error messages (HO)
)
Package pdftexcmds Info: \pdf@primitive is available.
Package pdftexcmds Info: \pdf@ifprimitive is available.
Package pdftexcmds Info: \pdfdraftmode found.
)
(C:\Users\Oderiz\AppData\Local\Programs\MiKTeX\tex/latex/graphics\keyval.sty
Package: keyval 2022/05/29 v1.15 key=value parser (DPC)
\KV@toks@=\toks18
)
(C:\Users\Oderiz\AppData\Local\Programs\MiKTeX\tex/latex/kvsetkeys\kvsetkeys.st
y
Package: kvsetkeys 2022-10-05 v1.19 Key value parser (HO)
)
(C:\Users\Oderiz\AppData\Local\Programs\MiKTeX\tex/generic/kvdefinekeys\kvdefin
ekeys.sty
Package: kvdefinekeys 2019-12-19 v1.6 Define keys (HO)
)
(C:\Users\Oderiz\AppData\Local\Programs\MiKTeX\tex/generic/pdfescape\pdfescape.
sty
Package: pdfescape 2019/12/09 v1.15 Implements pdfTeX's escape features (HO)
)
(C:\Users\Oderiz\AppData\Local\Programs\MiKTeX\tex/latex/hycolor\hycolor.sty
Package: hycolor 2020-01-27 v1.10 Color options for hyperref/bookmark (HO)
)
(C:\Users\Oderiz\AppData\Local\Programs\MiKTeX\tex/latex/letltxmacro\letltxmacr
o.sty
Package: letltxmacro 2019/12/03 v1.6 Let assignment for LaTeX macros (HO)
)
(C:\Users\Oderiz\AppData\Local\Programs\MiKTeX\tex/latex/auxhook\auxhook.sty
Package: auxhook 2019-12-17 v1.6 Hooks for auxiliary files (HO)
)
(C:\Users\Oderiz\AppData\Local\Programs\MiKTeX\tex/latex/hyperref\nameref.sty
Package: nameref 2022-05-17 v2.50 Cross-referencing by name of section

(C:\Users\Oderiz\AppData\Local\Programs\MiKTeX\tex/latex/refcount\refcount.sty
Package: refcount 2019/12/15 v3.6 Data extraction from label references (HO)
)
(C:\Users\Oderiz\AppData\Local\Programs\MiKTeX\tex/generic/gettitlestring\getti
tlestring.sty
Package: gettitlestring 2019/12/15 v1.6 Cleanup title references (HO)

(C:\Users\Oderiz\AppData\Local\Programs\MiKTeX\tex/latex/kvoptions\kvoptions.st
y
Package: kvoptions 2022-06-15 v3.15 Key value format for package options (HO)
))
\c@section@level=\count194
)
\@linkdim=\dimen139
\Hy@linkcounter=\count195
\Hy@pagecounter=\count196

(C:\Users\Oderiz\AppData\Local\Programs\MiKTeX\tex/latex/hyperref\pd1enc.def
File: pd1enc.def 2022-09-22 v7.00t Hyperref: PDFDocEncoding definition (HO)
Now handling font encoding PD1 ...
... no UTF-8 mapping file for font encoding PD1
)
(C:\Users\Oderiz\AppData\Local\Programs\MiKTeX\tex/generic/intcalc\intcalc.sty
Package: intcalc 2019/12/15 v1.3 Expandable calculations with integers (HO)
)
(C:\Users\Oderiz\AppData\Local\Programs\MiKTeX\tex/generic/etexcmds\etexcmds.st
y
Package: etexcmds 2019/12/15 v1.7 Avoid name clashes with e-TeX commands (HO)
)
\Hy@SavedSpaceFactor=\count197
 (C:\Users\Oderiz\AppData\Local\Programs\MiKTeX\tex/latex/hyperref\puenc.def
File: puenc.def 2022-09-22 v7.00t Hyperref: PDF Unicode definition (HO)
Now handling font encoding PU ...
... no UTF-8 mapping file for font encoding PU
)
Package hyperref Info: Hyper figures OFF on input line 4162.
Package hyperref Info: Link nesting OFF on input line 4167.
Package hyperref Info: Hyper index ON on input line 4170.
Package hyperref Info: Plain pages OFF on input line 4177.
Package hyperref Info: Backreferencing OFF on input line 4182.
Package hyperref Info: Implicit mode ON; LaTeX internals redefined.
\stockwidth=\dimen140
\stockheight=\dimen141
Package hyperref Info: Bookmarks ON on input line 4410.
\c@Hy@tempcnt=\count198
(C:\Users\Oderiz\AppData\Local\Programs\MiKTeX\tex/latex/url\url.sty
\Urlmuskip=\muskip16
Package: url 2013/09/16  ver 3.4  Verb mode for urls, etc.
)
LaTeX Info: Redefining \url on input line 4748.
\XeTeXLinkMargin=\dimen142

(C:\Users\Oderiz\AppData\Local\Programs\MiKTeX\tex/generic/bitset\bitset.sty
Package: bitset 2019/12/09 v1.3 Handle bit-vector datatype (HO)

(C:\Users\Oderiz\AppData\Local\Programs\MiKTeX\tex/generic/bigintcalc\bigintcal
c.sty
Package: bigintcalc 2019/12/15 v1.5 Expandable calculations on big integers (HO
)
))
\Fld@menulength=\count199
\Field@Width=\dimen143
\Fld@charsize=\dimen144
Package hyperref Info: Hyper figures OFF on input line 6027.
Package hyperref Info: Link nesting OFF on input line 6032.
Package hyperref Info: Hyper index ON on input line 6035.
Package hyperref Info: backreferencing OFF on input line 6042.
Package hyperref Info: Link coloring OFF on input line 6047.
Package hyperref Info: Link coloring with OCG OFF on input line 6052.
Package hyperref Info: PDF/A mode OFF on input line 6057.

(C:\Users\Oderiz\AppData\Local\Programs\MiKTeX\tex/latex/base\atbegshi-ltx.sty
Package: atbegshi-ltx 2021/01/10 v1.0c Emulation of the original atbegshi
package with kernel methods
)
\Hy@abspage=\count266
\c@Item=\count267
\c@Hfootnote=\count268
)
Package hyperref Info: Driver (autodetected): hpdftex.
 (C:\Users\Oderiz\AppData\Local\Programs\MiKTeX\tex/latex/hyperref\hpdftex.def
File: hpdftex.def 2022-09-22 v7.00t Hyperref driver for pdfTeX

(C:\Users\Oderiz\AppData\Local\Programs\MiKTeX\tex/latex/base\atveryend-ltx.sty
Package: atveryend-ltx 2020/08/19 v1.0a Emulation of the original atveryend pac
kage
with kernel methods
)
\Fld@listcount=\count269
\c@bookmark@seq@number=\count270

(C:\Users\Oderiz\AppData\Local\Programs\MiKTeX\tex/latex/rerunfilecheck\rerunfi
lecheck.sty
Package: rerunfilecheck 2022-07-10 v1.10 Rerun checks for auxiliary files (HO)

(C:\Users\Oderiz\AppData\Local\Programs\MiKTeX\tex/generic/uniquecounter\unique
counter.sty
Package: uniquecounter 2019/12/15 v1.4 Provide unlimited unique counter (HO)
)
Package uniquecounter Info: New unique counter `rerunfilecheck' on input line 2
85.
)
\Hy@SectionHShift=\skip49
)
(C:\Users\Oderiz\AppData\Local\Programs\MiKTeX\tex/latex/graphics\graphicx.sty
Package: graphicx 2021/09/16 v1.2d Enhanced LaTeX Graphics (DPC,SPQR)

(C:\Users\Oderiz\AppData\Local\Programs\MiKTeX\tex/latex/graphics\graphics.sty
Package: graphics 2022/03/10 v1.4e Standard LaTeX Graphics (DPC,SPQR)

(C:\Users\Oderiz\AppData\Local\Programs\MiKTeX\tex/latex/graphics\trig.sty
Package: trig 2021/08/11 v1.11 sin cos tan (DPC)
)
(C:\Users\Oderiz\AppData\Local\Programs\MiKTeX\tex/latex/graphics-cfg\graphics.
cfg
File: graphics.cfg 2016/06/04 v1.11 sample graphics configuration
)
Package graphics Info: Driver file: pdftex.def on input line 107.

(C:\Users\Oderiz\AppData\Local\Programs\MiKTeX\tex/latex/graphics-def\pdftex.de
f
File: pdftex.def 2022/09/22 v1.2b Graphics/color driver for pdftex
))
\Gin@req@height=\dimen145
\Gin@req@width=\dimen146
)
(C:\Users\Oderiz\AppData\Local\Programs\MiKTeX\tex/latex/amsfonts\amsfonts.sty
Package: amsfonts 2013/01/14 v3.01 Basic AMSFonts support
\@emptytoks=\toks19
\symAMSa=\mathgroup4
\symAMSb=\mathgroup5
LaTeX Font Info:    Redeclaring math symbol \hbar on input line 98.
LaTeX Font Info:    Overwriting math alphabet `\mathfrak' in version `bold'
(Font)                  U/euf/m/n --> U/euf/b/n on input line 106.
) (C:\Users\Oderiz\AppData\Local\Programs\MiKTeX\tex/latex/psfrag\psfrag.sty
Package: psfrag 1998/04/11 v3.04 PSfrag (MCG)
\pfg@pcount=\count271
\pfg@scount=\count272
\pfg@temp=\write3
)
(C:\Users\Oderiz\AppData\Local\Programs\MiKTeX\tex/latex/fancyhdr\fancyhdr.sty
Package: fancyhdr 2022/11/09 v4.1 Extensive control of page headers and footers

\f@nch@headwidth=\skip50
\f@nch@O@elh=\skip51
\f@nch@O@erh=\skip52
\f@nch@O@olh=\skip53
\f@nch@O@orh=\skip54
\f@nch@O@elf=\skip55
\f@nch@O@erf=\skip56
\f@nch@O@olf=\skip57
\f@nch@O@orf=\skip58
) (C:\Users\Oderiz\AppData\Local\Programs\MiKTeX\tex/latex/tools\layout.sty
Package: layout 2021-03-10 v1.2e Show layout parameters
\oneinch=\count273
\cnt@paperwidth=\count274
\cnt@paperheight=\count275
\cnt@hoffset=\count276
\cnt@voffset=\count277
\cnt@textheight=\count278
\cnt@textwidth=\count279
\cnt@topmargin=\count280
\cnt@oddsidemargin=\count281
\cnt@evensidemargin=\count282
\cnt@headheight=\count283
\cnt@headsep=\count284
\cnt@marginparsep=\count285
\cnt@marginparwidth=\count286
\cnt@marginparpush=\count287
\cnt@footskip=\count288
\fheight=\count289
\ref@top=\count290
\ref@hoffset=\count291
\ref@voffset=\count292
\ref@head=\count293
\ref@body=\count294
\ref@foot=\count295
\ref@margin=\count296
\ref@marginwidth=\count297
\ref@marginpar=\count298
\Interval=\count299
\ExtraYPos=\count300
\PositionX=\count301
\PositionY=\count302
\ArrowLength=\count303
)
(C:\Users\Oderiz\AppData\Local\Programs\MiKTeX\tex/latex/graphics\color.sty
Package: color 2022/01/06 v1.3d Standard LaTeX Color (DPC)

(C:\Users\Oderiz\AppData\Local\Programs\MiKTeX\tex/latex/graphics-cfg\color.cfg
File: color.cfg 2016/01/02 v1.6 sample color configuration
)
Package color Info: Driver file: pdftex.def on input line 149.

(C:\Users\Oderiz\AppData\Local\Programs\MiKTeX\tex/latex/graphics\mathcolor.ltx
))
(C:\Users\Oderiz\AppData\Local\Programs\MiKTeX\tex/latex/colortbl\colortbl.sty
Package: colortbl 2022/06/20 v1.0f Color table columns (DPC)

(C:\Users\Oderiz\AppData\Local\Programs\MiKTeX\tex/latex/tools\array.sty
Package: array 2022/03/10 v2.5f Tabular extension package (FMi)
\col@sep=\dimen147
\ar@mcellbox=\box51
\extrarowheight=\dimen148
\NC@list=\toks20
\extratabsurround=\skip59
\backup@length=\skip60
\ar@cellbox=\box52
)
\everycr=\toks21
\minrowclearance=\skip61
\rownum=\count304
)
(C:\Users\Oderiz\AppData\Local\Programs\MiKTeX\tex/latex/geometry\geometry.sty
Package: geometry 2020/01/02 v5.9 Page Geometry

(C:\Users\Oderiz\AppData\Local\Programs\MiKTeX\tex/generic/iftex\ifvtex.sty
Package: ifvtex 2019/10/25 v1.7 ifvtex legacy package. Use iftex instead.
)
\Gm@cnth=\count305
\Gm@cntv=\count306
\c@Gm@tempcnt=\count307
\Gm@bindingoffset=\dimen149
\Gm@wd@mp=\dimen150
\Gm@odd@mp=\dimen151
\Gm@even@mp=\dimen152
\Gm@layoutwidth=\dimen153
\Gm@layoutheight=\dimen154
\Gm@layouthoffset=\dimen155
\Gm@layoutvoffset=\dimen156
\Gm@dimlist=\toks22

(C:\Users\Oderiz\AppData\Local\Programs\MiKTeX\tex/latex/geometry\geometry.cfg)
)
(C:\Users\Oderiz\AppData\Local\Programs\MiKTeX\tex/latex/fncychap\fncychap.sty
Package: fncychap 2007/07/30 v1.34 LaTeX package (Revised chapters)
\RW=\skip62
\mylen=\skip63
\myhi=\skip64
\px=\skip65
\py=\skip66
\pyy=\skip67
\pxx=\skip68
) (C:\Users\Oderiz\AppData\Local\Programs\MiKTeX\tex/latex/oberdiek\hypcap.sty
Package: hypcap 2016/05/16 v1.12 Adjusting the anchors of captions (HO)
)
(C:\Users\Oderiz\AppData\Local\Programs\MiKTeX\tex/latex/authorindex\authorinde
x.sty
Package: authorindex 2005/03/22 make index of authors cited in a work
) (C:\Users\Oderiz\AppData\Local\Programs\MiKTeX\tex/latex/float\float.sty
Package: float 2001/11/08 v1.3d Float enhancements (AL)
\c@float@type=\count308
\float@exts=\toks23
\float@box=\box53
\@float@everytoks=\toks24
\@floatcapt=\box54
)
(C:\Users\Oderiz\AppData\Local\Programs\MiKTeX\tex/latex/caption\subcaption.sty
Package: subcaption 2022/01/07 v1.5 Sub-captions (AR)
(C:\Users\Oderiz\AppData\Local\Programs\MiKTeX\tex/latex/caption\caption.sty
Package: caption 2022/03/01 v3.6b Customizing captions (AR)

(C:\Users\Oderiz\AppData\Local\Programs\MiKTeX\tex/latex/caption\caption3.sty
Package: caption3 2022/03/17 v2.3b caption3 kernel (AR)
\caption@tempdima=\dimen157
\captionmargin=\dimen158
\caption@leftmargin=\dimen159
\caption@rightmargin=\dimen160
\caption@width=\dimen161
\caption@indent=\dimen162
\caption@parindent=\dimen163
\caption@hangindent=\dimen164
Package caption Info: Standard document class detected.
)
\c@caption@flags=\count309
\c@continuedfloat=\count310
Package caption Info: float package is loaded.
Package caption Info: hyperref package is loaded.
Package caption Info: hypcap package is loaded.
)
\c@subfigure=\count311
\c@subtable=\count312
)
(C:\Users\Oderiz\AppData\Local\Programs\MiKTeX\tex/latex/listings\listings.sty
\lst@mode=\count313
\lst@gtempboxa=\box55
\lst@token=\toks25
\lst@length=\count314
\lst@currlwidth=\dimen165
\lst@column=\count315
\lst@pos=\count316
\lst@lostspace=\dimen166
\lst@width=\dimen167
\lst@newlines=\count317
\lst@lineno=\count318
\lst@maxwidth=\dimen168

(C:\Users\Oderiz\AppData\Local\Programs\MiKTeX\tex/latex/listings\lstmisc.sty
File: lstmisc.sty 2020/03/24 1.8d (Carsten Heinz)
\c@lstnumber=\count319
\lst@skipnumbers=\count320
\lst@framebox=\box56
)
(C:\Users\Oderiz\AppData\Local\Programs\MiKTeX\tex/latex/listings\listings.cfg
File: listings.cfg 2020/03/24 1.8d listings configuration
))
Package: listings 2020/03/24 1.8d (Carsten Heinz)

(C:\Users\Oderiz\AppData\Local\Programs\MiKTeX\tex/latex/pythonhighlight\python
highlight.sty
Package: pythonhighlight 2017/02/09 python code highlighting; provided by Olivi
er Verdier <olivier.verdier@gmail.com>

(C:\Users\Oderiz\AppData\Local\Programs\MiKTeX\tex/latex/xcolor\xcolor.sty
Package: xcolor 2022/06/12 v2.14 LaTeX color extensions (UK)

(C:\Users\Oderiz\AppData\Local\Programs\MiKTeX\tex/latex/graphics-cfg\color.cfg
File: color.cfg 2016/01/02 v1.6 sample color configuration
)
Package xcolor Info: Driver file: pdftex.def on input line 227.
LaTeX Info: Redefining \color on input line 711.

(C:\Users\Oderiz\AppData\Local\Programs\MiKTeX\tex/latex/graphics\mathcolor.ltx
)
Package xcolor Info: Model `cmy' substituted by `cmy0' on input line 1353.
Package xcolor Info: Model `hsb' substituted by `rgb' on input line 1357.
Package xcolor Info: Model `RGB' extended on input line 1369.
Package xcolor Info: Model `HTML' substituted by `rgb' on input line 1371.
Package xcolor Info: Model `Hsb' substituted by `hsb' on input line 1372.
Package xcolor Info: Model `tHsb' substituted by `hsb' on input line 1373.
Package xcolor Info: Model `HSB' substituted by `hsb' on input line 1374.
Package xcolor Info: Model `Gray' substituted by `gray' on input line 1375.
Package xcolor Info: Model `wave' substituted by `hsb' on input line 1376.
)) (C:\Users\Oderiz\AppData\Local\Programs\MiKTeX\tex/latex/amscls\amsthm.sty
Package: amsthm 2020/05/29 v2.20.6
\thm@style=\toks26
\thm@bodyfont=\toks27
\thm@headfont=\toks28
\thm@notefont=\toks29
\thm@headpunct=\toks30
\thm@preskip=\skip69
\thm@postskip=\skip70
\thm@headsep=\skip71
\dth@everypar=\toks31
) (C:\Users\Oderiz\AppData\Local\Programs\MiKTeX\tex/latex/thmtools\thmtools.st
y
Package: thmtools 2023/02/17 v0.75
\thmt@toks=\toks32
\c@thmt@dummyctr=\count321

(C:\Users\Oderiz\AppData\Local\Programs\MiKTeX\tex/latex/thmtools\thm-patch.sty
Package: thm-patch 2023/02/17 v0.75

(C:\Users\Oderiz\AppData\Local\Programs\MiKTeX\tex/latex/thmtools\parseargs.sty
Package: parseargs 2023/02/17 v0.75
\@parsespec=\toks33
)) (C:\Users\Oderiz\AppData\Local\Programs\MiKTeX\tex/latex/thmtools\thm-kv.sty
Package: thm-kv 2023/02/17 v0.75
Package thm-kv Info: Theorem names will be uppercased on input line 42.
Package thm-kv Info: kvsetkeys patch (v1.16 or later) on input line 158.
)
(C:\Users\Oderiz\AppData\Local\Programs\MiKTeX\tex/latex/thmtools\thm-autoref.s
ty
Package: thm-autoref 2023/02/17 v0.75

(C:\Users\Oderiz\AppData\Local\Programs\MiKTeX\tex/latex/thmtools\aliasctr.sty
Package: aliasctr 2023/02/17 v0.75
))
(C:\Users\Oderiz\AppData\Local\Programs\MiKTeX\tex/latex/thmtools\thm-listof.st
y
Package: thm-listof 2023/02/17 v0.75
)
(C:\Users\Oderiz\AppData\Local\Programs\MiKTeX\tex/latex/thmtools\thm-restate.s
ty
Package: thm-restate 2023/02/17 v0.75
)
(C:\Users\Oderiz\AppData\Local\Programs\MiKTeX\tex/latex/thmtools\thm-amsthm.st
y
Package: thm-amsthm 2023/02/17 v0.75
\thmt@style@headstyle=\toks34
))
(C:\Users\Oderiz\AppData\Local\Programs\MiKTeX\tex/latex/pdfpages\pdfpages.sty
Package: pdfpages 2022/12/19 v0.5x Insert pages of external PDF documents (AM)

(C:\Users\Oderiz\AppData\Local\Programs\MiKTeX\tex/latex/base\ifthen.sty
Package: ifthen 2022/04/13 v1.1d Standard LaTeX ifthen package (DPC)
)
(C:\Users\Oderiz\AppData\Local\Programs\MiKTeX\tex/latex/tools\calc.sty
Package: calc 2017/05/25 v4.3 Infix arithmetic (KKT,FJ)
\calc@Acount=\count322
\calc@Bcount=\count323
\calc@Adimen=\dimen169
\calc@Bdimen=\dimen170
\calc@Askip=\skip72
\calc@Bskip=\skip73
LaTeX Info: Redefining \setlength on input line 80.
LaTeX Info: Redefining \addtolength on input line 81.
\calc@Ccount=\count324
\calc@Cskip=\skip74
)
(C:\Users\Oderiz\AppData\Local\Programs\MiKTeX\tex/latex/eso-pic\eso-pic.sty
Package: eso-pic 2020/10/14 v3.0a eso-pic (RN)
\ESO@tempdima=\dimen171
\ESO@tempdimb=\dimen172
)
\AM@pagewidth=\dimen173
\AM@pageheight=\dimen174
\AM@fboxrule=\dimen175

(C:\Users\Oderiz\AppData\Local\Programs\MiKTeX\tex/latex/pdfpages\pppdftex.def
File: pppdftex.def 2022/12/19 v0.5x Pdfpages driver for pdfTeX (AM)
)
\pdfpages@includegraphics@status=\count325
\AM@pagebox=\box57
\AM@global@opts=\toks35
\AM@pagecnt=\count326
\AM@toc@title=\toks36
\AM@lof@heading=\toks37
\c@AM@survey=\count327
\AM@templatesizebox=\box58
)
(C:\Users\Oderiz\AppData\Local\Programs\MiKTeX\tex/latex/imakeidx\imakeidx.sty
Package: imakeidx 2016/10/15 v1.3e Package for typesetting indices in a synchro
nous mode

(C:\Users\Oderiz\AppData\Local\Programs\MiKTeX\tex/latex/xkeyval\xkeyval.sty
Package: xkeyval 2022/06/16 v2.9 package option processing (HA)

(C:\Users\Oderiz\AppData\Local\Programs\MiKTeX\tex/generic/xkeyval\xkeyval.tex
(C:\Users\Oderiz\AppData\Local\Programs\MiKTeX\tex/generic/xkeyval\xkvutils.tex
\XKV@toks=\toks38
\XKV@tempa@toks=\toks39
)
\XKV@depth=\count328
File: xkeyval.tex 2014/12/03 v2.7a key=value parser (HA)
))
(C:\Users\Oderiz\AppData\Local\Programs\MiKTeX\tex/generic/iftex\ifxetex.sty
Package: ifxetex 2019/10/25 v0.7 ifxetex legacy package. Use iftex instead.
)
(C:\Users\Oderiz\AppData\Local\Programs\MiKTeX\tex/generic/iftex\ifluatex.sty
Package: ifluatex 2019/10/25 v1.5 ifluatex legacy package. Use iftex instead.
)
(C:\Users\Oderiz\AppData\Local\Programs\MiKTeX\tex/latex/tools\multicol.sty
Package: multicol 2021/11/30 v1.9d multicolumn formatting (FMi)
\c@tracingmulticols=\count329
\mult@box=\box59
\multicol@leftmargin=\dimen176
\c@unbalance=\count330
\c@collectmore=\count331
\doublecol@number=\count332
\multicoltolerance=\count333
\multicolpretolerance=\count334
\full@width=\dimen177
\page@free=\dimen178
\premulticols=\dimen179
\postmulticols=\dimen180
\multicolsep=\skip75
\multicolbaselineskip=\skip76
\partial@page=\box60
\last@line=\box61
\maxbalancingoverflow=\dimen181
\mult@rightbox=\box62
\mult@grightbox=\box63
\mult@firstbox=\box64
\mult@gfirstbox=\box65
\@tempa=\box66
\@tempa=\box67
\@tempa=\box68
\@tempa=\box69
\@tempa=\box70
\@tempa=\box71
\@tempa=\box72
\@tempa=\box73
\@tempa=\box74
\@tempa=\box75
\@tempa=\box76
\@tempa=\box77
\@tempa=\box78
\@tempa=\box79
\@tempa=\box80
\@tempa=\box81
\@tempa=\box82
\@tempa=\box83
\@tempa=\box84
\@tempa=\box85
\@tempa=\box86
\@tempa=\box87
\@tempa=\box88
\@tempa=\box89
\@tempa=\box90
\@tempa=\box91
\@tempa=\box92
\@tempa=\box93
\@tempa=\box94
\@tempa=\box95
\@tempa=\box96
\@tempa=\box97
\@tempa=\box98
\@tempa=\box99
\@tempa=\box100
\@tempa=\box101
\c@minrows=\count335
\c@columnbadness=\count336
\c@finalcolumnbadness=\count337
\last@try=\dimen182
\multicolovershoot=\dimen183
\multicolundershoot=\dimen184
\mult@nat@firstbox=\box102
\colbreak@box=\box103
\mc@col@check@num=\count338
))
(style/language/castellano.tex)
\c@theorem=\count339
\c@definition=\count340
\c@lemma=\count341
\c@sublemma=\count342
 (style/template.tex
\OderizArkaitz@idxfile=\write4
\openout4 = `OderizArkaitz.idx'.


Writing index file OderizArkaitz.idx
)
Package hyperref Info: Option `colorlinks' set `true' on input line 55.
 (style/proglang/R.tex
(C:\Users\Oderiz\AppData\Local\Programs\MiKTeX\tex/latex/listings\lstlang1.sty
File: lstlang1.sty 2020/03/24 1.8d listings language file
) (C:\Users\Oderiz\AppData\Local\Programs\MiKTeX\tex/latex/listings\lstlang2.st
y
File: lstlang2.sty 2020/03/24 1.8d listings language file
)
(C:\Users\Oderiz\AppData\Local\Programs\MiKTeX\tex/latex/listings\lstlang3.sty
File: lstlang3.sty 2020/03/24 1.8d listings language file
)) (style/proglang/java.tex
(C:\Users\Oderiz\AppData\Local\Programs\MiKTeX\tex/latex/listings\lstlang1.sty
File: lstlang1.sty 2020/03/24 1.8d listings language file
)) (style/proglang/Python.tex
(C:\Users\Oderiz\AppData\Local\Programs\MiKTeX\tex/latex/base\fontenc.sty
Package: fontenc 2021/04/29 v2.0v Standard LaTeX package
))
(style/proglang/json.tex
(C:\Users\Oderiz\AppData\Local\Programs\MiKTeX\tex/latex/bera\bera.sty
Package: bera 2004/01/31 (WaS)

(C:\Users\Oderiz\AppData\Local\Programs\MiKTeX\tex/latex/base\fontenc.sty
Package: fontenc 2021/04/29 v2.0v Standard LaTeX package
)
(C:\Users\Oderiz\AppData\Local\Programs\MiKTeX\tex/latex/base\textcomp.sty
Package: textcomp 2020/02/02 v2.0n Standard LaTeX package
)
(C:\Users\Oderiz\AppData\Local\Programs\MiKTeX\tex/latex/bera\beraserif.sty
Package: beraserif 2004/01/30 (WaS)
LaTeX Font Info:    Trying to load font information for T1+fve on input line 30
.

(C:\Users\Oderiz\AppData\Local\Programs\MiKTeX\tex/latex/bera\t1fve.fd
File: t1fve.fd 2004/09/07 scalable font definitions for T1/fve.
)
LaTeX Font Info:    Font shape `T1/fve/m/n' will be
(Font)              scaled to size 9.85492pt on input line 30.
)
(C:\Users\Oderiz\AppData\Local\Programs\MiKTeX\tex/latex/bera\berasans.sty
Package: berasans 2004/01/30 (WaS)
)
(C:\Users\Oderiz\AppData\Local\Programs\MiKTeX\tex/latex/bera\beramono.sty
Package: beramono 2004/01/31 (WaS)
)))
\OderizArkaitz@idxfile=\write5
\openout5 = `OderizArkaitz.idx'.


Writing index file OderizArkaitz.idx

(C:\Users\Oderiz\AppData\Local\Programs\MiKTeX\tex/latex/l3backend\l3backend-pd
ftex.def
File: l3backend-pdftex.def 2022-09-28 L3 backend support: PDF output (pdfTeX)
\l__color_backend_stack_int=\count343
\l__pdf_internal_box=\box104
) (OderizArkaitz.aux)
\openout1 = `OderizArkaitz.aux'.

LaTeX Font Info:    Checking defaults for OML/cmm/m/it on input line 69.
LaTeX Font Info:    ... okay on input line 69.
LaTeX Font Info:    Checking defaults for OMS/cmsy/m/n on input line 69.
LaTeX Font Info:    ... okay on input line 69.
LaTeX Font Info:    Checking defaults for OT1/cmr/m/n on input line 69.
LaTeX Font Info:    ... okay on input line 69.
LaTeX Font Info:    Checking defaults for T1/cmr/m/n on input line 69.
LaTeX Font Info:    ... okay on input line 69.
LaTeX Font Info:    Checking defaults for TS1/cmr/m/n on input line 69.
LaTeX Font Info:    ... okay on input line 69.
LaTeX Font Info:    Checking defaults for OMX/cmex/m/n on input line 69.
LaTeX Font Info:    ... okay on input line 69.
LaTeX Font Info:    Checking defaults for U/cmr/m/n on input line 69.
LaTeX Font Info:    ... okay on input line 69.
LaTeX Font Info:    Checking defaults for PD1/pdf/m/n on input line 69.
LaTeX Font Info:    ... okay on input line 69.
LaTeX Font Info:    Checking defaults for PU/pdf/m/n on input line 69.
LaTeX Font Info:    ... okay on input line 69.
Package hyperref Info: Link coloring ON on input line 69.
 (OderizArkaitz.out) (OderizArkaitz.out)
\@outlinefile=\write6
\openout6 = `OderizArkaitz.out'.


(C:\Users\Oderiz\AppData\Local\Programs\MiKTeX\tex/context/base/mkii\supp-pdf.m
kii
[Loading MPS to PDF converter (version 2006.09.02).]
\scratchcounter=\count344
\scratchdimen=\dimen185
\scratchbox=\box105
\nofMPsegments=\count345
\nofMParguments=\count346
\everyMPshowfont=\toks40
\MPscratchCnt=\count347
\MPscratchDim=\dimen186
\MPnumerator=\count348
\makeMPintoPDFobject=\count349
\everyMPtoPDFconversion=\toks41
)
(C:\Users\Oderiz\AppData\Local\Programs\MiKTeX\tex/latex/epstopdf-pkg\epstopdf-
base.sty
Package: epstopdf-base 2020-01-24 v2.11 Base part for package epstopdf
Package epstopdf-base Info: Redefining graphics rule for `.eps' on input line 4
85.

(C:\Users\Oderiz\AppData\Local\Programs\MiKTeX\tex/latex/00miktex\epstopdf-sys.
cfg
File: epstopdf-sys.cfg 2021/03/18 v2.0 Configuration of epstopdf for MiKTeX
))
*geometry* driver: auto-detecting
*geometry* detected driver: pdftex
*geometry* verbose mode - [ preamble ] result:
* driver: pdftex
* paper: a4paper
* layout: <same size as paper>
* layoutoffset:(h,v)=(0.0pt,0.0pt)
* modes: twoside 
* h-part:(L,W,R)=(99.58466pt, 426.79134pt, 71.13188pt)
* v-part:(T,H,B)=(101.40665pt, 591.5302pt, 152.11pt)
* \paperwidth=597.50787pt
* \paperheight=845.04684pt
* \textwidth=426.79134pt
* \textheight=591.5302pt
* \oddsidemargin=27.31467pt
* \evensidemargin=-1.1381pt
* \topmargin=-2.73714pt
* \headheight=12.5pt
* \headsep=19.8738pt
* \topskip=11.0pt
* \footskip=0.0pt
* \marginparwidth=106.0pt
* \marginparsep=7.0pt
* \columnsep=10.0pt
* \skip\footins=10.0pt plus 4.0pt minus 2.0pt
* \hoffset=0.0pt
* \voffset=0.0pt
* \mag=1000
* \@twocolumnfalse
* \@twosidetrue
* \@mparswitchtrue
* \@reversemarginfalse
* (1in=72.27pt=25.4mm, 1cm=28.453pt)

Package caption Info: Begin \AtBeginDocument code.
Package caption Info: listings package is loaded.
Package caption Info: End \AtBeginDocument code.
\c@lstlisting=\count350

(C:\Users\Oderiz\AppData\Local\Programs\MiKTeX\tex/latex/pdflscape\pdflscape.st
y
Package: pdflscape 2022-10-27 v0.13 Display of landscape pages in PDF

(C:\Users\Oderiz\AppData\Local\Programs\MiKTeX\tex/latex/pdflscape\pdflscape-no
metadata.sty
Package: pdflscape-nometadata 2022-10-28 v0.13 Display of landscape pages in PD
F (HO)

(C:\Users\Oderiz\AppData\Local\Programs\MiKTeX\tex/latex/graphics\lscape.sty
Package: lscape 2020/05/28 v3.02 Landscape Pages (DPC)
)
Package pdflscape Info: Auto-detected driver: pdftex on input line 81.
)) (style/titlepage.tex
<style/fig/ROJO_UPNA_300ppp.png, id=231, 284.5029pt x 151.0443pt>
File: style/fig/ROJO_UPNA_300ppp.png Graphic file (type png)
<use style/fig/ROJO_UPNA_300ppp.png>
Package pdftex.def Info: style/fig/ROJO_UPNA_300ppp.png  used on input line 7.
(pdftex.def)             Requested size: 85.35152pt x 45.31363pt.
LaTeX Font Info:    Font shape `T1/fve/m/n' will be
(Font)              scaled to size 10.79993pt on input line 14.
LaTeX Font Info:    Font shape `T1/fve/b/n' will be
(Font)              scaled to size 9.85492pt on input line 17.
LaTeX Font Info:    Font shape `T1/fve/b/n' will be
(Font)              scaled to size 12.9599pt on input line 17.
LaTeX Font Info:    Font shape `T1/fve/b/n' will be
(Font)              scaled to size 10.79993pt on input line 21.
 [1
Non-PDF special ignored!
<special> header=psfrag.pro




{C:/Users/Oderiz/AppData/Local/MiKTeX/fonts/map/pdftex/pdftex.map} <./style/fig
/ROJO_UPNA_300ppp.png>] [2

]) (style/toc/toc.tex
LaTeX Font Info:    Font shape `T1/fve/m/n' will be
(Font)              scaled to size 12.9599pt on input line 4.
LaTeX Font Info:    Trying to load font information for T1+fvs on input line 4.


(C:\Users\Oderiz\AppData\Local\Programs\MiKTeX\tex/latex/bera\t1fvs.fd
File: t1fvs.fd 2004/09/07 scalable font definitions for T1/fvs.
)
LaTeX Font Info:    Font shape `T1/fvs/m/n' will be
(Font)              scaled to size 12.9599pt on input line 4.
LaTeX Font Info:    Font shape `T1/fvs/b/n' will be
(Font)              scaled to size 12.9599pt on input line 4.

(OderizArkaitz.toc
LaTeX Font Info:    Trying to load font information for U+msa on input line 5.

(C:\Users\Oderiz\AppData\Local\Programs\MiKTeX\tex/latex/amsfonts\umsa.fd
File: umsa.fd 2013/01/14 v3.01 AMS symbols A
)
LaTeX Font Info:    Trying to load font information for U+msb on input line 5.

(C:\Users\Oderiz\AppData\Local\Programs\MiKTeX\tex/latex/amsfonts\umsb.fd
File: umsb.fd 2013/01/14 v3.01 AMS symbols B
)
[1



]
LaTeX Font Info:    Font shape `T1/fve/m/it' in size <10.95> not available
(Font)              Font shape `T1/fve/m/sl' tried instead on input line 43.
LaTeX Font Info:    Font shape `T1/fve/m/sl' will be
(Font)              scaled to size 9.85492pt on input line 43.
)
\tf@toc=\write7
\openout7 = `OderizArkaitz.toc'.

LaTeX Font Info:    Font shape `T1/fve/m/n' will be
(Font)              scaled to size 10.34993pt on input line 6.
LaTeX Font Info:    Font shape `T1/fve/b/n' will be
(Font)              scaled to size 10.34993pt on input line 6.
 [2]) (style/toc/figures.tex (OderizArkaitz.lof [3


])
\tf@lof=\write8
\openout8 = `OderizArkaitz.lof'.

 [4])
(style/toc/codes.tex (OderizArkaitz.lol [5

] [6] [7]
Overfull \hbox (5.53838pt too wide) detected at line 109
\T1/fve/m/n/10.95 5.100 
 []


Overfull \hbox (5.53838pt too wide) detected at line 110
\T1/fve/m/n/10.95 5.101 
 []


Overfull \hbox (5.53838pt too wide) detected at line 111
\T1/fve/m/n/10.95 5.102 
 []


Overfull \hbox (5.53838pt too wide) detected at line 112
\T1/fve/m/n/10.95 5.103 
 []


Overfull \hbox (5.53838pt too wide) detected at line 113
\T1/fve/m/n/10.95 5.104 
 []

)
\tf@lol=\write9
\openout9 = `OderizArkaitz.lol'.

 [8]) (chapter1/Chapter1.tex
Chapter 1.
LaTeX Font Info:    Trying to load font information for OT1+pzc on input line 1
.
(C:\Users\Oderiz\AppData\Local\Programs\MiKTeX\tex/latex/psnfss\ot1pzc.fd
File: ot1pzc.fd 2020/03/25 font definitions for OT1/pzc.
)
LaTeX Font Info:    Font shape `OT1/pzc/m/n' in size <76> not available
(Font)              Font shape `OT1/pzc/m/it' tried instead on input line 1.

Overfull \hbox (10.0pt too wide) in paragraph at lines 1--1
[][][][][][][][][]  
 []


Underfull \hbox (badness 10000) in paragraph at lines 4--9

 []


Underfull \hbox (badness 10000) in paragraph at lines 4--9

 []

<fig/global-co2-fossil-plus-land-use.png, id=636, 3412.75pt x 2409.0pt>
File: fig/global-co2-fossil-plus-land-use.png Graphic file (type png)
<use fig/global-co2-fossil-plus-land-use.png>
Package pdftex.def Info: fig/global-co2-fossil-plus-land-use.png  used on input
 line 12.
(pdftex.def)             Requested size: 298.75262pt x 210.88255pt.
LaTeX Font Info:    Font shape `T1/fve/m/n' will be
(Font)              scaled to size 7.19995pt on input line 13.
LaTeX Font Info:    Font shape `T1/fve/m/n' will be
(Font)              scaled to size 5.39996pt on input line 16.
LaTeX Font Info:    Font shape `T1/fve/m/n' will be
(Font)              scaled to size 4.49997pt on input line 16.
LaTeX Font Info:    Trying to load font information for T1+fvm on input line 16
.
(C:\Users\Oderiz\AppData\Local\Programs\MiKTeX\tex/latex/bera\t1fvm.fd
File: t1fvm.fd 2004/09/07 scalable font definitions for T1/fvm.
)
LaTeX Font Info:    Font shape `T1/fvm/m/n' will be
(Font)              scaled to size 5.39996pt on input line 16.

Underfull \vbox (badness 10000) has occurred while \output is active []


pdfTeX warning (ext4): destination with the same identifier (name{page.1}) has 
been already used, duplicate ignored
<to be read again> 
                   \relax 
l.16 ...https://ourworldindata.org/co2-emissions}}
                                                   [1


]
<fig/climate-change_greenhouse-effect_steps.png, id=644, 762.85pt x 371.3875pt>

File: fig/climate-change_greenhouse-effect_steps.png Graphic file (type png)
<use fig/climate-change_greenhouse-effect_steps.png>
Package pdftex.def Info: fig/climate-change_greenhouse-effect_steps.png  used o
n input line 20.
(pdftex.def)             Requested size: 298.75262pt x 145.44122pt.
LaTeX Font Info:    Trying to load font information for TS1+fve on input line 2
6.

(C:\Users\Oderiz\AppData\Local\Programs\MiKTeX\tex/latex/bera\ts1fve.fd
File: ts1fve.fd 2004/09/07 scalable font definitions for TS1/fve.
)
LaTeX Font Info:    Font shape `TS1/fve/m/n' will be
(Font)              scaled to size 9.85492pt on input line 26.

Underfull \hbox (badness 10000) in paragraph at lines 26--29

 []

<fig/ClimateDashboard-global-surface-temperature-graph-20230118-1400px.png, id=
650, 622.325pt x 532.99126pt>
File: fig/ClimateDashboard-global-surface-temperature-graph-20230118-1400px.png
 Graphic file (type png)
<use fig/ClimateDashboard-global-surface-temperature-graph-20230118-1400px.png>

Package pdftex.def Info: fig/ClimateDashboard-global-surface-temperature-graph-
20230118-1400px.png  used on input line 32.
(pdftex.def)             Requested size: 298.75262pt x 255.86543pt.

pdfTeX warning (ext4): destination with the same identifier (name{page.2}) has 
been already used, duplicate ignored
<to be read again> 
                   \relax 
l.35 \end{figure}
                  [2 <./fig/global-co2-fossil-plus-land-use.png> <./fig/climate
-change_greenhouse-effect_steps.png (PNG copy)>]
Underfull \hbox (badness 10000) in paragraph at lines 38--47

 []


Underfull \hbox (badness 10000) in paragraph at lines 38--47

 []


Underfull \hbox (badness 10000) in paragraph at lines 38--47

 []


Underfull \hbox (badness 10000) in paragraph at lines 38--47

 []

[3 <./fig/ClimateDashboard-global-surface-temperature-graph-20230118-1400px.png
>]
<fig/map-prcp-202201-202212.png, id=676, 993.7125pt x 767.86874pt>
File: fig/map-prcp-202201-202212.png Graphic file (type png)
<use fig/map-prcp-202201-202212.png>
Package pdftex.def Info: fig/map-prcp-202201-202212.png  used on input line 52.

(pdftex.def)             Requested size: 192.05478pt x 148.40395pt.
LaTeX Font Info:    Font shape `T1/fve/m/n' will be
(Font)              scaled to size 8.99994pt on input line 53.
<fig/map-prcp-percent-202201-202212.png, id=677, 993.7125pt x 767.86874pt>
File: fig/map-prcp-percent-202201-202212.png Graphic file (type png)
<use fig/map-prcp-percent-202201-202212.png>
Package pdftex.def Info: fig/map-prcp-percent-202201-202212.png  used on input 
line 58.
(pdftex.def)             Requested size: 192.05478pt x 148.40395pt.
LaTeX Font Info:    Font shape `T1/fvm/m/n' will be
(Font)              scaled to size 9.85492pt on input line 70.

Underfull \hbox (badness 10000) in paragraph at lines 66--84

 []


Underfull \hbox (badness 10000) in paragraph at lines 66--84

 []


Underfull \hbox (badness 10000) in paragraph at lines 66--84

 []


Underfull \hbox (badness 10000) in paragraph at lines 66--84

 []


Underfull \hbox (badness 10000) in paragraph at lines 66--84

 []


Underfull \hbox (badness 10000) in paragraph at lines 66--84

 []


Underfull \hbox (badness 10000) in paragraph at lines 66--84

 []


Overfull \hbox (13.95999pt too wide) in paragraph at lines 66--84
\T1/fve/m/n/10.95 El agua en Navarra ([][]$\T1/fvm/m/n/10.95 http : / / www . n
avarra . es / home _ es / Temas / Medio + Ambiente / Agua/$[][]\T1/fve/m/n/10.9
5 ),
 []


Underfull \hbox (badness 10000) in paragraph at lines 66--84

 []


Underfull \hbox (badness 10000) in paragraph at lines 66--84

 []


Underfull \hbox (badness 10000) in paragraph at lines 66--84

 []

[4 <./fig/map-prcp-202201-202212.png> <./fig/map-prcp-percent-202201-202212.png
>]
Underfull \vbox (badness 10000) has occurred while \output is active []

 [5]
<fig/estructura_general.png, id=701, 357.335pt x 349.305pt>
File: fig/estructura_general.png Graphic file (type png)
<use fig/estructura_general.png>
Package pdftex.def Info: fig/estructura_general.png  used on input line 87.
(pdftex.def)             Requested size: 170.71393pt x 166.87566pt.
)
(chapter3/Chapter3.tex
Underfull \hbox (badness 10000) in paragraph at lines 92--1

 []

[6 <./fig/estructura_general.png>]
Chapter 2.

Overfull \hbox (10.0pt too wide) in paragraph at lines 1--1
[][][][][][][][][]  
 []


Underfull \hbox (badness 10000) in paragraph at lines 4--9

 []


Underfull \hbox (badness 10000) in paragraph at lines 4--9

 []

<fig/ConfederacionesHidrogr치ficas.jpg, id=707, 3854.4pt x 2168.1pt>
File: fig/ConfederacionesHidrogr치ficas.jpg Graphic file (type jpg)
<use fig/ConfederacionesHidrogr치ficas.jpg>
Package pdftex.def Info: fig/ConfederacionesHidrogr치ficas.jpg  used on input l
ine 12.
(pdftex.def)             Requested size: 298.75262pt x 168.02602pt.

Underfull \hbox (badness 10000) in paragraph at lines 17--20

 []

[7

 <./fig/ConfederacionesHidrogr치ficas.jpg>]
<fig/CHCantabricoCode.png, id=715, 842.54774pt x 390.86024pt>
File: fig/CHCantabricoCode.png Graphic file (type png)
<use fig/CHCantabricoCode.png>
Package pdftex.def Info: fig/CHCantabricoCode.png  used on input line 26.
(pdftex.def)             Requested size: 298.75262pt x 138.59235pt.
Package hyperref Info: bookmark level for unknown lstlisting defaults to 0 on i
nput line 31.
 [8 <./fig/CHCantabricoCode.png>]
<fig/AemetData.png, id=743, 590.95781pt x 316.93407pt>
File: fig/AemetData.png Graphic file (type png)
<use fig/AemetData.png>
Package pdftex.def Info: fig/AemetData.png  used on input line 61.
(pdftex.def)             Requested size: 298.75262pt x 160.22694pt.

[9 <./fig/AemetData.png>]
Package textcomp Info: Symbol \textminus not provided by
(textcomp)             font family fve in TS1 encoding.
(textcomp)             Default family used instead on input line 94.
Package textcomp Info: Symbol \textminus not provided by
(textcomp)             font family fve in TS1 encoding.
(textcomp)             Default family used instead on input line 97.
Package textcomp Info: Symbol \textminus not provided by
(textcomp)             font family fve in TS1 encoding.
(textcomp)             Default family used instead on input line 98.

Overfull \hbox (12.15996pt too wide) in paragraph at lines 104--104
[]\T1/fve/b/n/14.4 Meteorolog眼 y cli-ma-tolog眼 de Navarra (Me-teoN-avarra) 
 []

<fig/MeteoNavarraCode.png, id=770, 450.483pt x 432.4155pt>
File: fig/MeteoNavarraCode.png Graphic file (type png)
<use fig/MeteoNavarraCode.png>
Package pdftex.def Info: fig/MeteoNavarraCode.png  used on input line 109.
(pdftex.def)             Requested size: 298.75262pt x 286.77411pt.

Underfull \vbox (badness 10000) has occurred while \output is active []

 [10]
Package textcomp Info: Symbol \textminus not provided by
(textcomp)             font family fve in TS1 encoding.
(textcomp)             Default family used instead on input line 121.
Package textcomp Info: Symbol \textminus not provided by
(textcomp)             font family fve in TS1 encoding.
(textcomp)             Default family used instead on input line 121.
Package textcomp Info: Symbol \textminus not provided by
(textcomp)             font family fve in TS1 encoding.
(textcomp)             Default family used instead on input line 121.
Package textcomp Info: Symbol \textminus not provided by
(textcomp)             font family fve in TS1 encoding.
(textcomp)             Default family used instead on input line 123.

[11 <./fig/MeteoNavarraCode.png>]
Underfull \hbox (badness 10000) in paragraph at lines 142--145

 []

<fig/DatosMeteoNavarra.png, id=816, 583.42969pt x 603.0028pt>
File: fig/DatosMeteoNavarra.png Graphic file (type png)
<use fig/DatosMeteoNavarra.png>
Package pdftex.def Info: fig/DatosMeteoNavarra.png  used on input line 148.
(pdftex.def)             Requested size: 256.0774pt x 264.67798pt.
<fig/MeteoNavarraData.png, id=819, 478.78876pt x 239.09325pt>
File: fig/MeteoNavarraData.png Graphic file (type png)
<use fig/MeteoNavarraData.png>
Package pdftex.def Info: fig/MeteoNavarraData.png  used on input line 157.
(pdftex.def)             Requested size: 256.0774pt x 127.87895pt.

Underfull \vbox (badness 10000) has occurred while \output is active []

 [12 <./fig/DatosMeteoNavarra.png>]
Underfull \hbox (badness 10000) in paragraph at lines 188--194

 []


Underfull \hbox (badness 10000) in paragraph at lines 188--194

 []

<fig/AguaEnNavarraCode.png, id=827, 584.1825pt x 556.32843pt>
File: fig/AguaEnNavarraCode.png Graphic file (type png)
<use fig/AguaEnNavarraCode.png>
Package pdftex.def Info: fig/AguaEnNavarraCode.png  used on input line 197.
(pdftex.def)             Requested size: 298.75262pt x 284.51321pt.
[13 <./fig/MeteoNavarraData.png>]
Package textcomp Info: Symbol \textminus not provided by
(textcomp)             font family fve in TS1 encoding.
(textcomp)             Default family used instead on input line 204.
Package textcomp Info: Symbol \textminus not provided by
(textcomp)             font family fve in TS1 encoding.
(textcomp)             Default family used instead on input line 207.
<fig/AguaEnNavarraEstacion.png, id=856, 557.83406pt x 193.47281pt>
File: fig/AguaEnNavarraEstacion.png Graphic file (type png)
<use fig/AguaEnNavarraEstacion.png>
Package pdftex.def Info: fig/AguaEnNavarraEstacion.png  used on input line 218.

(pdftex.def)             Requested size: 298.75262pt x 103.61763pt.

Underfull \vbox (badness 10000) has occurred while \output is active []

 [14 <./fig/AguaEnNavarraCode.png>]
Underfull \hbox (badness 10000) in paragraph at lines 256--259

 []

<fig/AguaEnNavarraGrafica.png, id=875, 473.97075pt x 184.2885pt>
File: fig/AguaEnNavarraGrafica.png Graphic file (type png)
<use fig/AguaEnNavarraGrafica.png>
Package pdftex.def Info: fig/AguaEnNavarraGrafica.png  used on input line 262.
(pdftex.def)             Requested size: 298.75262pt x 116.1586pt.

Underfull \vbox (badness 10000) has occurred while \output is active []

 [15 <./fig/AguaEnNavarraEstacion.png>]
<fig/ErrorAguaEnNavarra.png, id=912, 587.19376pt x 182.93344pt>
File: fig/ErrorAguaEnNavarra.png Graphic file (type png)
<use fig/ErrorAguaEnNavarra.png>
Package pdftex.def Info: fig/ErrorAguaEnNavarra.png  used on input line 269.
(pdftex.def)             Requested size: 298.75262pt x 93.0715pt.
<fig/AguaEnNavarraData.png, id=915, 575.90157pt x 159.59625pt>
File: fig/AguaEnNavarraData.png Graphic file (type png)
<use fig/AguaEnNavarraData.png>
Package pdftex.def Info: fig/AguaEnNavarraData.png  used on input line 278.
(pdftex.def)             Requested size: 341.43436pt x 94.62364pt.
 [16 <./fig/AguaEnNavarraGrafica.png> <./fig/ErrorAguaEnNavarra.png> <./fig/Agu
aEnNavarraData.png>]
Overfull \hbox (3.48244pt too wide) in paragraph at lines 308--309
\T1/fve/m/n/10.95 humedad, pre-cip-itaci蚤 y ra-diaci蚤; aguaEn-Navarra: Nivel 
y cau-dal del r癌; de CHCan-
 []

) (chapter2/Chapter2.tex [17] [18

]
Chapter 3.

Overfull \hbox (10.0pt too wide) in paragraph at lines 1--1
[][][][][][][][][]  
 []


Underfull \hbox (badness 10000) in paragraph at lines 7--12

 []


Underfull \hbox (badness 10000) in paragraph at lines 7--12

 []

[19]
Underfull \hbox (badness 10000) in paragraph at lines 20--30

 []


Underfull \hbox (badness 10000) in paragraph at lines 20--30

 []


Underfull \hbox (badness 10000) in paragraph at lines 20--30

 []


Underfull \hbox (badness 10000) in paragraph at lines 32--44

 []


Underfull \hbox (badness 10000) in paragraph at lines 32--44

 []


Underfull \hbox (badness 10000) in paragraph at lines 32--44

 []


Underfull \hbox (badness 10000) in paragraph at lines 32--44

 []

[20]
Underfull \hbox (badness 10000) in paragraph at lines 46--50

 []


Overfull \hbox (10.98528pt too wide) in paragraph at lines 46--50
\T1/fve/m/n/10.95 Por el con-trario, los frame-work tienen en cuenta las posi-b
les necesi-dades de tu proyecto,
 []

[21]
Underfull \hbox (badness 10000) in paragraph at lines 52--56

 []

<fig/DjangoMVT.png, id=979, 542.025pt x 239.89626pt>
File: fig/DjangoMVT.png Graphic file (type png)
<use fig/DjangoMVT.png>
Package pdftex.def Info: fig/DjangoMVT.png  used on input line 59.
(pdftex.def)             Requested size: 298.75262pt x 132.22885pt.

Underfull \hbox (badness 10000) in paragraph at lines 65--74

 []


Underfull \hbox (badness 10000) in paragraph at lines 65--74

 []


Underfull \hbox (badness 10000) in paragraph at lines 65--74

 []

[22 <./fig/DjangoMVT.png>]
Underfull \hbox (badness 10000) in paragraph at lines 76--80

 []

<fig/Web-Scraping-Adapted-from-Krotov-and-Tennyson-2018.png, id=994, 853.1875pt
 x 302.12875pt>
File: fig/Web-Scraping-Adapted-from-Krotov-and-Tennyson-2018.png Graphic file (
type png)
<use fig/Web-Scraping-Adapted-from-Krotov-and-Tennyson-2018.png>
Package pdftex.def Info: fig/Web-Scraping-Adapted-from-Krotov-and-Tennyson-2018
.png  used on input line 89.
(pdftex.def)             Requested size: 298.75262pt x 105.79274pt.

Underfull \hbox (badness 10000) in paragraph at lines 82--94

 []


LaTeX Warning: `!h' float specifier changed to `!ht'.


Underfull \hbox (badness 10000) in paragraph at lines 96--105

 []


Underfull \hbox (badness 10000) in paragraph at lines 96--105

 []


Underfull \hbox (badness 10000) in paragraph at lines 96--105

 []

[23] [24 <./fig/Web-Scraping-Adapted-from-Krotov-and-Tennyson-2018.png>]
Underfull \hbox (badness 10000) in paragraph at lines 110--115

 []


Underfull \hbox (badness 10000) in paragraph at lines 110--115

 []

<fig/estructura_descartada.png, id=1013, 298.11375pt x 299.1175pt>
File: fig/estructura_descartada.png Graphic file (type png)
<use fig/estructura_descartada.png>
Package pdftex.def Info: fig/estructura_descartada.png  used on input line 121.

(pdftex.def)             Requested size: 128.0387pt x 128.46739pt.

Underfull \vbox (badness 10000) has occurred while \output is active []

 [25])
(chapter4/Chapter4.tex
Underfull \hbox (badness 10000) in paragraph at lines 126--1

 []

[26 <./fig/estructura_descartada.png>]
Chapter 4.

Overfull \hbox (10.0pt too wide) in paragraph at lines 1--1
[][][][][][][][][]  
 []

<fig/estructura_usada.png, id=1030, 472.76625pt x 369.38pt>
File: fig/estructura_usada.png Graphic file (type png)
<use fig/estructura_usada.png>
Package pdftex.def Info: fig/estructura_usada.png  used on input line 8.
(pdftex.def)             Requested size: 170.71393pt x 133.3825pt.
[27

 <./fig/estructura_usada.png>]
Underfull \hbox (badness 10000) in paragraph at lines 34--37

 []

[28]
<fig/arquitectura.png, id=1062, 781.92125pt x 1155.31625pt>
File: fig/arquitectura.png Graphic file (type png)
<use fig/arquitectura.png>
Package pdftex.def Info: fig/arquitectura.png  used on input line 66.
(pdftex.def)             Requested size: 298.75262pt x 441.42224pt.


LaTeX Warning: `h' float specifier changed to `ht'.


Underfull \hbox (badness 10000) in paragraph at lines 72--75

 []

[29]
Underfull \hbox (badness 10000) in paragraph at lines 80--83

 []


Underfull \hbox (badness 10000) in paragraph at lines 85--90

 []


Underfull \hbox (badness 10000) in paragraph at lines 85--90

 []


Overfull \vbox (1.85571pt too high) has occurred while \output is active []


Overfull \vbox (1.85571pt too high) has occurred while \output is active []


[30]
Underfull \hbox (badness 10000) in paragraph at lines 120--123

 []


Overfull \hbox (0.3604pt too wide) in paragraph at lines 132--132
[]\T1/fvm/m/n/10.95 |  |  |  |  .--- d眼 de la semana (0-6) (domingo=0 o 7) o d
眼s en ingl乶[] 
 []


Underfull \hbox (badness 10000) in paragraph at lines 134--137

 []

[31]
Overfull \hbox (2.69533pt too wide) in paragraph at lines 139--140
\T1/fve/m/n/10.95 La in-stan-cia del servi-dor de Django es la en-car-gada de t
anto recibir los datos obtenidos
 []

<fig/TablasBBDD.png, id=1095, 251.7405pt x 145.7445pt>
File: fig/TablasBBDD.png Graphic file (type png)
<use fig/TablasBBDD.png>
Package pdftex.def Info: fig/TablasBBDD.png  used on input line 145.
(pdftex.def)             Requested size: 298.75262pt x 172.97554pt.
) (chapter5/Chapter5.tex [32 <./fig/TablasBBDD.png>] [33 <./fig/arquitectura.pn
g>] [34

]
Chapter 5.

Overfull \hbox (10.0pt too wide) in paragraph at lines 1--1
[][][][][][][][][]  
 []

Package textcomp Info: Symbol \textminus not provided by
(textcomp)             font family fve in TS1 encoding.
(textcomp)             Default family used instead on input line 12.
Package textcomp Info: Symbol \textminus not provided by
(textcomp)             font family fve in TS1 encoding.
(textcomp)             Default family used instead on input line 12.
Package textcomp Info: Symbol \textminus not provided by
(textcomp)             font family fve in TS1 encoding.
(textcomp)             Default family used instead on input line 19.
[35]
Package textcomp Info: Symbol \textminus not provided by
(textcomp)             font family fve in TS1 encoding.
(textcomp)             Default family used instead on input line 35.
Package textcomp Info: Symbol \textminus not provided by
(textcomp)             font family fve in TS1 encoding.
(textcomp)             Default family used instead on input line 35.
Package textcomp Info: Symbol \textminus not provided by
(textcomp)             font family fve in TS1 encoding.
(textcomp)             Default family used instead on input line 38.
 [36]
LaTeX Font Info:    Font shape `TS1/fve/m/n' will be
(Font)              scaled to size 8.99994pt on input line 68.
Package textcomp Info: Symbol \textminus not provided by
(textcomp)             font family fve in TS1 encoding.
(textcomp)             Default family used instead on input line 101.
 [37] [38]
(C:\Users\Oderiz\AppData\Local\Programs\MiKTeX\tex/latex/listings\lstlang1.sty
File: lstlang1.sty 2020/03/24 1.8d listings language file
) [39]
<fig/comprobacionTablasBBDD.png, id=1291, 496.85625pt x 100.12407pt>
File: fig/comprobacionTablasBBDD.png Graphic file (type png)
<use fig/comprobacionTablasBBDD.png>
Package pdftex.def Info: fig/comprobacionTablasBBDD.png  used on input line 213
.
(pdftex.def)             Requested size: 256.0774pt x 51.60341pt.
 [40 <./fig/comprobacionTablasBBDD.png>]
Overfull \hbox (1.2879pt too wide) in paragraph at lines 254--255
[]\T1/fve/m/n/10.95 Para fi-nalizar, se crean las vis-tas a las que diri-gen la
s ru-tas den-tro del archivo views.py,
 []

[41]
Package textcomp Info: Symbol \textminus not provided by
(textcomp)             font family fve in TS1 encoding.
(textcomp)             Default family used instead on input line 269.
Package textcomp Info: Symbol \textminus not provided by
(textcomp)             font family fve in TS1 encoding.
(textcomp)             Default family used instead on input line 286.
 [42]
<fig/estructura_proyecto_scrapy.png, id=1382, 134.00063pt x 152.06813pt>
File: fig/estructura_proyecto_scrapy.png Graphic file (type png)
<use fig/estructura_proyecto_scrapy.png>
Package pdftex.def Info: fig/estructura_proyecto_scrapy.png  used on input line
 311.
(pdftex.def)             Requested size: 128.0387pt x 145.30154pt.
<fig/primera_spider.png, id=1385, 98.61844pt x 48.18pt>
File: fig/primera_spider.png Graphic file (type png)
<use fig/primera_spider.png>
Package pdftex.def Info: fig/primera_spider.png  used on input line 327.
(pdftex.def)             Requested size: 85.35696pt x 41.70082pt.

Underfull \hbox (badness 10000) in paragraph at lines 346--351

 []


Underfull \hbox (badness 10000) in paragraph at lines 346--351

 []

[43 <./fig/estructura_proyecto_scrapy.png> <./fig/primera_spider.png>]
<fig/AemetCode.png, id=1406, 593.21625pt x 310.91156pt>
File: fig/AemetCode.png Graphic file (type png)
<use fig/AemetCode.png>
Package pdftex.def Info: fig/AemetCode.png  used on input line 357.
(pdftex.def)             Requested size: 341.43436pt x 178.95776pt.
 [44 <./fig/AemetCode.png>]
Underfull \hbox (badness 10000) in paragraph at lines 381--384

 []

[45]
Underfull \hbox (badness 10000) in paragraph at lines 401--404

 []


Overfull \hbox (77.48502pt too wide) in paragraph at lines 406--406
[]\T1/fvm/m/n/10.95 ('/es/eltiempo/observacion/ultimosdatos?k=nav&l=9263X&w=0&d
atos=det&f=precipitacion')[] 
 []


Overfull \hbox (3.69456pt too wide) in paragraph at lines 423--426
[]\T1/fve/m/n/10.95 Actualmente, si se eje-cuta la Spi-der im-prim-ir los dato
s obtenidos por pan-talla, aunque
 []


Underfull \hbox (badness 10000) in paragraph at lines 423--426

 []

[46]
Package textcomp Info: Symbol \textminus not provided by
(textcomp)             font family fve in TS1 encoding.
(textcomp)             Default family used instead on input line 432.
Package textcomp Info: Symbol \textminus not provided by
(textcomp)             font family fve in TS1 encoding.
(textcomp)             Default family used instead on input line 457.
 [47]
LaTeX Font Info:    Font shape `T1/fve/b/it' in size <12> not available
(Font)              Font shape `T1/fve/b/sl' tried instead on input line 477.
LaTeX Font Info:    Font shape `T1/fve/b/sl' will be
(Font)              scaled to size 10.79993pt on input line 477.

Underfull \hbox (badness 10000) in paragraph at lines 479--482

 []

Package textcomp Info: Symbol \textminus not provided by
(textcomp)             font family fve in TS1 encoding.
(textcomp)             Default family used instead on input line 485.
[48]
Underfull \hbox (badness 10000) in paragraph at lines 538--541

 []

[49]
Overfull \hbox (8.72652pt too wide) in paragraph at lines 550--551
[]\T1/fve/m/n/10.95 Finalmente se al-ma-ce-nan las co-or-de-nadas con un for-ma
to global para to-das las platafor-
 []

Package textcomp Info: Symbol \textminus not provided by
(textcomp)             font family fve in TS1 encoding.
(textcomp)             Default family used instead on input line 568.
Package textcomp Info: Symbol \textminus not provided by
(textcomp)             font family fve in TS1 encoding.
(textcomp)             Default family used instead on input line 569.
[50]
Underfull \hbox (badness 10000) in paragraph at lines 572--575

 []

Package textcomp Info: Symbol \textminus not provided by
(textcomp)             font family fve in TS1 encoding.
(textcomp)             Default family used instead on input line 587.
Package textcomp Info: Symbol \textminus not provided by
(textcomp)             font family fve in TS1 encoding.
(textcomp)             Default family used instead on input line 602.
[51]
Package textcomp Info: Symbol \textminus not provided by
(textcomp)             font family fve in TS1 encoding.
(textcomp)             Default family used instead on input line 616.
Package textcomp Info: Symbol \textminus not provided by
(textcomp)             font family fve in TS1 encoding.
(textcomp)             Default family used instead on input line 616.

Overfull \hbox (33.60222pt too wide) in paragraph at lines 626--635
[]\T1/fve/m/n/10.95 Como se nece-si-tan los datos de to-das las esta-ciones, se
 ree-scribir la fun-ci蚤 \T1/fve/m/sl/10.95 start_requests()
 []


Underfull \hbox (badness 10000) in paragraph at lines 626--635

 []


Underfull \hbox (badness 10000) in paragraph at lines 626--635

 []


Underfull \hbox (badness 10000) in paragraph at lines 626--635

 []


Underfull \hbox (badness 10000) in paragraph at lines 626--635

 []

[52]
Package textcomp Info: Symbol \textminus not provided by
(textcomp)             font family fve in TS1 encoding.
(textcomp)             Default family used instead on input line 638.
Package textcomp Info: Symbol \textminus not provided by
(textcomp)             font family fve in TS1 encoding.
(textcomp)             Default family used instead on input line 640.
Package textcomp Info: Symbol \textminus not provided by
(textcomp)             font family fve in TS1 encoding.
(textcomp)             Default family used instead on input line 648.

Underfull \hbox (badness 10000) in paragraph at lines 663--666

 []

[53]
Underfull \hbox (badness 10000) in paragraph at lines 677--680

 []


Overfull \hbox (15.72554pt too wide) in paragraph at lines 695--698
\T1/fve/m/n/10.95 Siendo CHCan-t庚rico la primera web de la que se ob-tuvo los 
datos, sin gran conocimiento
 []


Overfull \hbox (2.38391pt too wide) in paragraph at lines 695--698
\T1/fve/m/n/10.95 de Scrapy y so-bre todo, sin saber real-mente como ser眼 la p
lataforma, el planteamiento
 []


Underfull \hbox (badness 10000) in paragraph at lines 695--698

 []

[54]
Package textcomp Info: Symbol \textminus not provided by
(textcomp)             font family fve in TS1 encoding.
(textcomp)             Default family used instead on input line 705.
Package textcomp Info: Symbol \textminus not provided by
(textcomp)             font family fve in TS1 encoding.
(textcomp)             Default family used instead on input line 721.
Package textcomp Info: Symbol \textminus not provided by
(textcomp)             font family fve in TS1 encoding.
(textcomp)             Default family used instead on input line 723.
Package textcomp Info: Symbol \textminus not provided by
(textcomp)             font family fve in TS1 encoding.
(textcomp)             Default family used instead on input line 725.

Underfull \vbox (badness 1960) has occurred while \output is active []

 [55]
Package textcomp Info: Symbol \textminus not provided by
(textcomp)             font family fve in TS1 encoding.
(textcomp)             Default family used instead on input line 739.

Underfull \hbox (badness 10000) in paragraph at lines 743--750

 []


Underfull \hbox (badness 10000) in paragraph at lines 743--750

 []


Underfull \hbox (badness 10000) in paragraph at lines 743--750

 []

[56]
Package textcomp Info: Symbol \textminus not provided by
(textcomp)             font family fve in TS1 encoding.
(textcomp)             Default family used instead on input line 780.

Underfull \hbox (badness 10000) in paragraph at lines 785--788

 []

[57]
Package textcomp Info: Symbol \textminus not provided by
(textcomp)             font family fve in TS1 encoding.
(textcomp)             Default family used instead on input line 807.
Package textcomp Info: Symbol \textminus not provided by
(textcomp)             font family fve in TS1 encoding.
(textcomp)             Default family used instead on input line 807.
Package textcomp Info: Symbol \textminus not provided by
(textcomp)             font family fve in TS1 encoding.
(textcomp)             Default family used instead on input line 810.
Package textcomp Info: Symbol \textminus not provided by
(textcomp)             font family fve in TS1 encoding.
(textcomp)             Default family used instead on input line 810.
 [58]
Underfull \hbox (badness 10000) in paragraph at lines 834--837

 []


Underfull \hbox (badness 10000) in paragraph at lines 839--842

 []

[59]
Underfull \hbox (badness 10000) in paragraph at lines 860--864

 []


Underfull \hbox (badness 10000) in paragraph at lines 872--875

 []

[60] [61]
Package textcomp Info: Symbol \textminus not provided by
(textcomp)             font family fve in TS1 encoding.
(textcomp)             Default family used instead on input line 911.

Underfull \hbox (badness 10000) in paragraph at lines 934--939

 []


Overfull \hbox (29.42569pt too wide) in paragraph at lines 934--939
\T1/fve/m/n/10.95 Tras re-alizar el mismo pro-ceso que antes, [][]5.3.4[][], la
 Spi-der llega a la fun-ci蚤 \T1/fve/m/sl/10.95 parse_estacion()\T1/fve/m/n/10.
95 ,
 []


Underfull \hbox (badness 10000) in paragraph at lines 934--939

 []

[62]
Package textcomp Info: Symbol \textminus not provided by
(textcomp)             font family fve in TS1 encoding.
(textcomp)             Default family used instead on input line 967.
 [63]
Package textcomp Info: Symbol \textminus not provided by
(textcomp)             font family fve in TS1 encoding.
(textcomp)             Default family used instead on input line 982.
Package textcomp Info: Symbol \textminus not provided by
(textcomp)             font family fve in TS1 encoding.
(textcomp)             Default family used instead on input line 982.
Package textcomp Info: Symbol \textminus not provided by
(textcomp)             font family fve in TS1 encoding.
(textcomp)             Default family used instead on input line 983.
Package textcomp Info: Symbol \textminus not provided by
(textcomp)             font family fve in TS1 encoding.
(textcomp)             Default family used instead on input line 983.
Package textcomp Info: Symbol \textminus not provided by
(textcomp)             font family fve in TS1 encoding.
(textcomp)             Default family used instead on input line 983.
Package textcomp Info: Symbol \textminus not provided by
(textcomp)             font family fve in TS1 encoding.
(textcomp)             Default family used instead on input line 984.
Package textcomp Info: Symbol \textminus not provided by
(textcomp)             font family fve in TS1 encoding.
(textcomp)             Default family used instead on input line 984.
Package textcomp Info: Symbol \textminus not provided by
(textcomp)             font family fve in TS1 encoding.
(textcomp)             Default family used instead on input line 984.
Package textcomp Info: Symbol \textminus not provided by
(textcomp)             font family fve in TS1 encoding.
(textcomp)             Default family used instead on input line 984.
Package textcomp Info: Symbol \textminus not provided by
(textcomp)             font family fve in TS1 encoding.
(textcomp)             Default family used instead on input line 984.
Package textcomp Info: Symbol \textminus not provided by
(textcomp)             font family fve in TS1 encoding.
(textcomp)             Default family used instead on input line 984.
Package textcomp Info: Symbol \textminus not provided by
(textcomp)             font family fve in TS1 encoding.
(textcomp)             Default family used instead on input line 985.
Package textcomp Info: Symbol \textminus not provided by
(textcomp)             font family fve in TS1 encoding.
(textcomp)             Default family used instead on input line 985.
Package textcomp Info: Symbol \textminus not provided by
(textcomp)             font family fve in TS1 encoding.
(textcomp)             Default family used instead on input line 985.
Package textcomp Info: Symbol \textminus not provided by
(textcomp)             font family fve in TS1 encoding.
(textcomp)             Default family used instead on input line 986.
Package textcomp Info: Symbol \textminus not provided by
(textcomp)             font family fve in TS1 encoding.
(textcomp)             Default family used instead on input line 986.
Package textcomp Info: Symbol \textminus not provided by
(textcomp)             font family fve in TS1 encoding.
(textcomp)             Default family used instead on input line 986.

Underfull \hbox (badness 10000) in paragraph at lines 994--997

 []

<fig/chromedriver.png, id=1859, 166.37157pt x 183.68625pt>
File: fig/chromedriver.png Graphic file (type png)
<use fig/chromedriver.png>
Package pdftex.def Info: fig/chromedriver.png  used on input line 1000.
(pdftex.def)             Requested size: 170.71393pt x 188.49261pt.

LaTeX Warning: `!h' float specifier changed to `!ht'.

[64]
Package textcomp Info: Symbol \textminus not provided by
(textcomp)             font family fve in TS1 encoding.
(textcomp)             Default family used instead on input line 1015.
Package textcomp Info: Symbol \textminus not provided by
(textcomp)             font family fve in TS1 encoding.
(textcomp)             Default family used instead on input line 1018.
Package textcomp Info: Symbol \textminus not provided by
(textcomp)             font family fve in TS1 encoding.
(textcomp)             Default family used instead on input line 1018.
Package textcomp Info: Symbol \textminus not provided by
(textcomp)             font family fve in TS1 encoding.
(textcomp)             Default family used instead on input line 1023.
Package textcomp Info: Symbol \textminus not provided by
(textcomp)             font family fve in TS1 encoding.
(textcomp)             Default family used instead on input line 1023.

Underfull \hbox (badness 10000) in paragraph at lines 1027--1039

 []


Underfull \hbox (badness 10000) in paragraph at lines 1027--1039

 []


Underfull \hbox (badness 10000) in paragraph at lines 1027--1039

 []


Underfull \hbox (badness 10000) in paragraph at lines 1027--1039

 []


Underfull \hbox (badness 10000) in paragraph at lines 1027--1039

 []


Underfull \hbox (badness 10000) in paragraph at lines 1027--1039

 []


Underfull \hbox (badness 10000) in paragraph at lines 1027--1039

 []

[65 <./fig/chromedriver.png>]
Underfull \hbox (badness 10000) in paragraph at lines 1040--1043

 []

Package textcomp Info: Symbol \textminus not provided by
(textcomp)             font family fve in TS1 encoding.
(textcomp)             Default family used instead on input line 1045.
Package textcomp Info: Symbol \textminus not provided by
(textcomp)             font family fve in TS1 encoding.
(textcomp)             Default family used instead on input line 1046.

Underfull \vbox (badness 10000) has occurred while \output is active []

 [66]
[67] [68] [69]
Underfull \hbox (badness 10000) in paragraph at lines 1181--1184

 []


Overfull \hbox (86.8779pt too wide) in paragraph at lines 1186--1187
\T1/fve/m/n/10.95 datos data_spider_executer.sh y code_spider_executer.sh y, tr
atamiento de datos data_work_executer.sh
 []

[70]
Package textcomp Info: Symbol \textminus not provided by
(textcomp)             font family fve in TS1 encoding.
(textcomp)             Default family used instead on input line 1228.
 [71]
Package textcomp Info: Symbol \textminus not provided by
(textcomp)             font family fve in TS1 encoding.
(textcomp)             Default family used instead on input line 1236.
Package textcomp Info: Symbol \textminus not provided by
(textcomp)             font family fve in TS1 encoding.
(textcomp)             Default family used instead on input line 1255.
Package textcomp Info: Symbol \textminus not provided by
(textcomp)             font family fve in TS1 encoding.
(textcomp)             Default family used instead on input line 1255.
 [72]
Underfull \hbox (badness 10000) in paragraph at lines 1272--1275

 []

[73]
Underfull \hbox (badness 10000) in paragraph at lines 1302--1305

 []


Overfull \hbox (10.45775pt too wide) in paragraph at lines 1302--1305
\T1/fve/m/n/10.95 CHCant庚rico y Agua en Navarra com-parten la misma es-truc-tu
raci蚤 de Script. CHCan-
 []


Underfull \hbox (badness 10000) in paragraph at lines 1327--1330

 []

[74]
Package textcomp Info: Symbol \textminus not provided by
(textcomp)             font family fve in TS1 encoding.
(textcomp)             Default family used instead on input line 1366.
Package textcomp Info: Symbol \textminus not provided by
(textcomp)             font family fve in TS1 encoding.
(textcomp)             Default family used instead on input line 1366.
 [75]
Underfull \hbox (badness 10000) in paragraph at lines 1395--1398

 []

[76]
Overfull \hbox (6.07672pt too wide) in paragraph at lines 1425--1426
\T1/fve/m/n/10.95 El sigu-iente paso a re-alizar, es el fil-trado de los JSON p
or el script fil-tras_data_JSONs.py
 []

Package textcomp Info: Symbol \textminus not provided by
(textcomp)             font family fve in TS1 encoding.
(textcomp)             Default family used instead on input line 1437.
[77]
Package textcomp Info: Symbol \textminus not provided by
(textcomp)             font family fve in TS1 encoding.
(textcomp)             Default family used instead on input line 1449.
 [78] [79]
Package textcomp Info: Symbol \textminus not provided by
(textcomp)             font family fve in TS1 encoding.
(textcomp)             Default family used instead on input line 1524.
Package textcomp Info: Symbol \textminus not provided by
(textcomp)             font family fve in TS1 encoding.
(textcomp)             Default family used instead on input line 1531.
Package textcomp Info: Symbol \textminus not provided by
(textcomp)             font family fve in TS1 encoding.
(textcomp)             Default family used instead on input line 1536.
 [80]) (chapter6/Chapter6.tex [81] [82

]
Chapter 6.

Overfull \hbox (10.0pt too wide) in paragraph at lines 1--1
[][][][][][][][][]  
 []

)
Underfull \hbox (badness 10000) in paragraph at lines 4--118

 []


Underfull \hbox (badness 10000) in paragraph at lines 4--118

 []


Underfull \hbox (badness 10000) in paragraph at lines 4--118

 []


Underfull \hbox (badness 10000) in paragraph at lines 4--118

 []


Underfull \hbox (badness 10000) in paragraph at lines 4--118

 []


Underfull \hbox (badness 10000) in paragraph at lines 4--118

 []


Underfull \hbox (badness 10000) in paragraph at lines 4--118

 []


Underfull \hbox (badness 10000) in paragraph at lines 4--118

 []


Underfull \hbox (badness 10000) in paragraph at lines 4--118

 []

[83] [84] (bibliography/Bibliography.tex (OderizArkaitz.bbl
Underfull \hbox (badness 10000) in paragraph at lines 4--7
[]\T1/fve/m/n/10.95 ``United Na-tions what is cli-mate change.'' [][]$\T1/fvm/m
/n/10.95 https : / / www . un . org / es /
 []


Underfull \hbox (badness 7116) in paragraph at lines 13--17
\T1/fve/m/n/10.95 re-port.'' [][]$\T1/fvm/m/n/10.95 https : / / www . ncei . no
aa . gov / access / monitoring / monthly-[]report /
 []


Underfull \hbox (badness 1502) in paragraph at lines 34--38
[]\T1/fve/m/n/10.95 ``National Cen-ters for En-v-iore-men-tal In-for-ma-tion an
-nual 2022 global cli-
 []

[85



]
Underfull \hbox (badness 1142) in paragraph at lines 74--77
[]\T1/fve/m/n/10.95 ``Debian Proyect Doc-u-men-ta-tion a brief his-tory of de-b
ian.'' [][]$\T1/fvm/m/n/10.95 https : / / www .
 []

[86]) [87]) (OderizArkaitz.aux)
Package rerunfilecheck Info: File `OderizArkaitz.out' has not changed.
(rerunfilecheck)             Checksum: 456AEA5DD89E5B029E3C43FCB1B65385;9050.
 ) 
Here is how much of TeX's memory you used:
 18578 strings out of 475385
 306849 string characters out of 2776436
 928567 words of memory out of 3000000
 38121 multiletter control sequences out of 15000+600000
 531685 words of font info for 91 fonts, out of 8000000 for 9000
 1141 hyphenation exceptions out of 8191
 72i,13n,77p,1085b,2076s stack positions out of 10000i,1000n,20000p,200000b,80000s
{C:/Users/Oderiz/AppData/Local/Programs/MiKTeX/fonts/enc/dvips/base/8r.enc} <
C:\Users\Oderiz\AppData\Local\MiKTeX\fonts/pk/ljfour/jknappen/ec/dpi600\tcrm100
0.pk> <C:\Users\Oderiz\AppData\Local\MiKTeX\fonts/pk/ljfour/jknappen/ec/dpi600\
tcrm0600.pk><C:/Users/Oderiz/AppData/Local/Programs/MiKTeX/fonts/type1/public/a
msfonts/cm/cmmi10.pfb><C:/Users/Oderiz/AppData/Local/Programs/MiKTeX/fonts/type
1/public/amsfonts/cm/cmr8.pfb><C:/Users/Oderiz/AppData/Local/Programs/MiKTeX/fo
nts/type1/bera/fveb8a.pfb><C:/Users/Oderiz/AppData/Local/Programs/MiKTeX/fonts/
type1/bera/fveb8a.pfb><C:/Users/Oderiz/AppData/Local/Programs/MiKTeX/fonts/type
1/bera/fver8a.pfb><C:/Users/Oderiz/AppData/Local/Programs/MiKTeX/fonts/type1/be
ra/fver8a.pfb><C:/Users/Oderiz/AppData/Local/Programs/MiKTeX/fonts/type1/bera/f
vmr8a.pfb><C:/Users/Oderiz/AppData/Local/Programs/MiKTeX/fonts/type1/bera/fvsb8
a.pfb><C:/Users/Oderiz/AppData/Local/Programs/MiKTeX/fonts/type1/urw/zapfchan/u
zcmi8a.pfb>
Output written on OderizArkaitz.pdf (97 pages, 5695931 bytes).
PDF statistics:
 2712 PDF objects out of 2984 (max. 8388607)
 1387 named destinations out of 1440 (max. 500000)
 602 words of extra memory for PDF output out of 10000 (max. 10000000)

